<?xml version="1.0" encoding="UTF-8"?>
<testng-results ignored="0" total="3" passed="3" failed="0" skipped="0">
  <reporter-output>
  </reporter-output>
  <suite started-at="2024-10-14T09:04:12 IST" name="Default suite" finished-at="2024-10-14T09:04:12 IST" duration-ms="93">
    <groups>
    </groups>
    <test started-at="2024-10-14T09:04:12 IST" name="Default test" finished-at="2024-10-14T09:04:12 IST" duration-ms="93">
      <class name="TestNg_Practice.Simple_Test">
        <test-method signature="createProduct()[pri:1, instance:TestNg_Practice.Simple_Test@4f18837a]" started-at="2024-10-14T09:04:12 IST" name="createProduct" finished-at="2024-10-14T09:04:12 IST" duration-ms="19" status="PASS">
          <reporter-output>
          </reporter-output>
        </test-method> <!-- createProduct -->
        <test-method signature="modifyProduct()[pri:2, instance:TestNg_Practice.Simple_Test@4f18837a]" started-at="2024-10-14T09:04:12 IST" name="modifyProduct" finished-at="2024-10-14T09:04:12 IST" duration-ms="2" status="PASS">
          <reporter-output>
          </reporter-output>
        </test-method> <!-- modifyProduct -->
        <test-method signature="deleteProduct()[pri:3, instance:TestNg_Practice.Simple_Test@4f18837a]" started-at="2024-10-14T09:04:12 IST" name="deleteProduct" finished-at="2024-10-14T09:04:12 IST" duration-ms="3" status="PASS">
          <reporter-output>
          </reporter-output>
        </test-method> <!-- deleteProduct -->
      </class> <!-- TestNg_Practice.Simple_Test -->
    </test> <!-- Default test -->
  </suite> <!-- Default suite -->
</testng-results>
