<?xml version="1.0" encoding="UTF-8"?>
<!-- Generated by org.testng.reporters.JUnitXMLReporter -->
<testsuite ignored="0" hostname="DESKTOP-OKRE5AJ" failures="0" tests="3" name="Default test" time="0.093" errors="0" timestamp="2024-10-14T09:04:12 IST">
  <testcase classname="TestNg_Practice.Simple_Test" name="createProduct" time="0.019"/>
  <testcase classname="TestNg_Practice.Simple_Test" name="modifyProduct" time="0.002"/>
  <testcase classname="TestNg_Practice.Simple_Test" name="deleteProduct" time="0.003"/>
</testsuite> <!-- Default test -->
